✅ 備份成功: /root/.openclaw/workspace/family-portal/backups/family_20260408_030001.db
   大小: 444K
   已壓縮: /root/.openclaw/workspace/family-portal/backups/family_20260408_030001.db.gz
   已清理超過 30 天的舊備份

📁 最近備份:
-rw-r--r-- 1 root root 46K Apr  8 03:00 /root/.openclaw/workspace/family-portal/backups/family_20260408_030001.db.gz
-rw-r--r-- 1 root root 45K Apr  7 11:54 /root/.openclaw/workspace/family-portal/backups/family_20260407_115422.db.gz
✅ 備份成功: /root/.openclaw/workspace/family-portal/backups/family_20260409_030001.db
   大小: 444K
   已壓縮: /root/.openclaw/workspace/family-portal/backups/family_20260409_030001.db.gz
   已清理超過 30 天的舊備份

📁 最近備份:
-rw-r--r-- 1 root root 46K Apr  9 03:00 /root/.openclaw/workspace/family-portal/backups/family_20260409_030001.db.gz
-rw-r--r-- 1 root root 46K Apr  8 03:00 /root/.openclaw/workspace/family-portal/backups/family_20260408_030001.db.gz
-rw-r--r-- 1 root root 45K Apr  7 11:54 /root/.openclaw/workspace/family-portal/backups/family_20260407_115422.db.gz
✅ 備份成功: /root/.openclaw/workspace/family-portal/backups/family_20260410_030001.db
   大小: 444K
   已壓縮: /root/.openclaw/workspace/family-portal/backups/family_20260410_030001.db.gz
   已清理超過 30 天的舊備份

📁 最近備份:
-rw-r--r-- 1 root root 46K Apr 10 03:00 /root/.openclaw/workspace/family-portal/backups/family_20260410_030001.db.gz
-rw-r--r-- 1 root root 46K Apr  9 03:00 /root/.openclaw/workspace/family-portal/backups/family_20260409_030001.db.gz
-rw-r--r-- 1 root root 46K Apr  8 03:00 /root/.openclaw/workspace/family-portal/backups/family_20260408_030001.db.gz
-rw-r--r-- 1 root root 45K Apr  7 11:54 /root/.openclaw/workspace/family-portal/backups/family_20260407_115422.db.gz
✅ 備份成功: /root/.openclaw/workspace/family-portal/backups/family_20260411_030001.db
   大小: 444K
   已壓縮: /root/.openclaw/workspace/family-portal/backups/family_20260411_030001.db.gz
   已清理超過 30 天的舊備份

📁 最近備份:
-rw-r--r-- 1 root root 46K Apr 11 03:00 /root/.openclaw/workspace/family-portal/backups/family_20260411_030001.db.gz
-rw-r--r-- 1 root root 46K Apr 10 03:00 /root/.openclaw/workspace/family-portal/backups/family_20260410_030001.db.gz
-rw-r--r-- 1 root root 46K Apr  9 03:00 /root/.openclaw/workspace/family-portal/backups/family_20260409_030001.db.gz
-rw-r--r-- 1 root root 46K Apr  8 03:00 /root/.openclaw/workspace/family-portal/backups/family_20260408_030001.db.gz
-rw-r--r-- 1 root root 45K Apr  7 11:54 /root/.openclaw/workspace/family-portal/backups/family_20260407_115422.db.gz
✅ 備份成功: /root/.openclaw/workspace/family-portal/backups/family_20260412_030001.db
   大小: 448K
   已壓縮: /root/.openclaw/workspace/family-portal/backups/family_20260412_030001.db.gz
   已清理超過 30 天的舊備份

📁 最近備份:
-rw-r--r-- 1 root root 47K Apr 12 03:00 /root/.openclaw/workspace/family-portal/backups/family_20260412_030001.db.gz
-rw-r--r-- 1 root root 46K Apr 11 03:00 /root/.openclaw/workspace/family-portal/backups/family_20260411_030001.db.gz
-rw-r--r-- 1 root root 46K Apr 10 03:00 /root/.openclaw/workspace/family-portal/backups/family_20260410_030001.db.gz
-rw-r--r-- 1 root root 46K Apr  9 03:00 /root/.openclaw/workspace/family-portal/backups/family_20260409_030001.db.gz
-rw-r--r-- 1 root root 46K Apr  8 03:00 /root/.openclaw/workspace/family-portal/backups/family_20260408_030001.db.gz
